Exception at PC 0x00007FFA2CFA4008
Exception at PC 0x00007FFA2CFA4008
Exception at PC 0x00007FFA2CFA4008
Exception at PC 0x00007FFA2CFA4008
Exception at PC 0x00007FF98FE8E132
Attemped to write at address 0x00007FF9DB5C4AA4
Printing stacktrace...

[0]  [0x00007FF98FE8E132]
[1]  [0x00007FF98FE8E132]
[2]  [0x00007FF98FE8E194]
[3]  [0x00007FF98FADD0D7]
[4]  [0x00007FF98F9C2BCA]
[5]  [0x00007FF98F9C2FD1]
[6]  [0x00007FF98FE8EB2F]
[7]  [0x00007FF98FD4C19D]
[8]  [0x00007FF98FD45942]
[9]  [0x00007FF98FD45AB5]
[10] (RtlDeactivateActivationContextUnsafeFast+0x1b3) [0x00007FFA2FDE1493]
[11] (LdrShutdownProcess+0x125) [0x00007FFA2FE10755]
[12] (RtlExitUserProcess+0xb4) [0x00007FFA2FE10614]
[13] (ExitProcess+0xa) [0x00007FFA2E54F06A]
[14] (exit+0x75) [0x00007FFA2D3A9B25]
[15] (initterm_e+0x21d) [0x00007FFA2D3AA16D]
[16]  [0x00000000004014CD]
[17]  [0x000000000040151B]
[18] (BaseThreadInitThunk+0x14) [0x00007FFA2E551FE4]
[19] (RtlUserThreadStart+0x21) [0x00007FFA2FE3F061]
Done
