#-----------------------------------------------------------
# Vivado v2017.4 (64-bit)
# SW Build 2086221 on Fri Dec 15 20:55:39 MST 2017
# IP Build 2085800 on Fri Dec 15 22:25:07 MST 2017
# Start of session at: Fri May  4 01:33:34 2018
# Process ID: 760
# Current directory: C:/Users/Amruth/Documents/vivado/sequence_counter
# Command line: vivado.exe -gui_launcher_event rodinguilauncherevent1204 C:\Users\Amruth\Documents\vivado\sequence_counter\sequence_counter.xpr
# Log file: C:/Users/Amruth/Documents/vivado/sequence_counter/vivado.log
# Journal file: C:/Users/Amruth/Documents/vivado/sequence_counter\vivado.jou
#-----------------------------------------------------------
start_gui
open_project C:/Users/Amruth/Documents/vivado/sequence_counter/sequence_counter.xpr
INFO: [Project 1-313] Project file moved from 'C:/Users/Amruth/Documents/vivado' since last save.
Scanning sources...
Finished scanning sources
INFO: [IP_Flow 19-234] Refreshing IP repositories
INFO: [IP_Flow 19-1704] No user IP repositories specified
INFO: [IP_Flow 19-2313] Loaded Vivado IP repository 'C:/Xilinx/Vivado/2017.4/data/ip'.
open_project: Time (s): cpu = 00:00:11 ; elapsed = 00:00:05 . Memory (MB): peak = 800.438 ; gain = 119.004
update_compile_order -fileset sources_1
exit
INFO: [Common 17-206] Exiting Vivado at Fri May  4 01:36:06 2018...
