#-----------------------------------------------------------
# Vivado v2017.4 (64-bit)
# SW Build 2086221 on Fri Dec 15 20:55:39 MST 2017
# IP Build 2085800 on Fri Dec 15 22:25:07 MST 2017
# Start of session at: Fri May  4 00:39:45 2018
# Process ID: 6364
# Current directory: C:/Users/Amruth/Documents/vivado/RCC
# Command line: vivado.exe -gui_launcher_event rodinguilauncherevent17428 C:\Users\Amruth\Documents\vivado\RCC\Rcc.xpr
# Log file: C:/Users/Amruth/Documents/vivado/RCC/vivado.log
# Journal file: C:/Users/Amruth/Documents/vivado/RCC\vivado.jou
#-----------------------------------------------------------
start_gui
open_project C:/Users/Amruth/Documents/vivado/RCC/Rcc.xpr
Scanning sources...
Finished scanning sources
INFO: [IP_Flow 19-234] Refreshing IP repositories
INFO: [IP_Flow 19-1704] No user IP repositories specified
INFO: [IP_Flow 19-2313] Loaded Vivado IP repository 'C:/Xilinx/Vivado/2017.4/data/ip'.
open_project: Time (s): cpu = 00:00:14 ; elapsed = 00:00:08 . Memory (MB): peak = 802.738 ; gain = 133.859
update_compile_order -fileset sources_1
exit
INFO: [Common 17-206] Exiting Vivado at Fri May  4 01:33:28 2018...
