#-----------------------------------------------------------
# Vivado v2017.4 (64-bit)
# SW Build 2086221 on Fri Dec 15 20:55:39 MST 2017
# IP Build 2085800 on Fri Dec 15 22:25:07 MST 2017
# Start of session at: Thu May  3 15:02:04 2018
# Process ID: 16452
# Current directory: C:/Users/Amruth/Documents/vivado/vedic_multiplier
# Command line: vivado.exe -gui_launcher_event rodinguilauncherevent10180 C:\Users\Amruth\Documents\vivado\vedic_multiplier\vedic_multiplier.xpr
# Log file: C:/Users/Amruth/Documents/vivado/vedic_multiplier/vivado.log
# Journal file: C:/Users/Amruth/Documents/vivado/vedic_multiplier\vivado.jou
#-----------------------------------------------------------
start_gui
open_project C:/Users/Amruth/Documents/vivado/vedic_multiplier/vedic_multiplier.xpr
INFO: [Project 1-313] Project file moved from 'C:/Users/Amruth/Desktop/vedic_multiplier' since last save.
Scanning sources...
Finished scanning sources
INFO: [IP_Flow 19-234] Refreshing IP repositories
INFO: [IP_Flow 19-1704] No user IP repositories specified
INFO: [IP_Flow 19-2313] Loaded Vivado IP repository 'C:/Xilinx/Vivado/2017.4/data/ip'.
open_project: Time (s): cpu = 00:00:11 ; elapsed = 00:00:06 . Memory (MB): peak = 794.395 ; gain = 95.141
update_compile_order -fileset sources_1
launch_simulation
INFO: [Vivado 12-5682] Launching behavioral simulation in 'C:/Users/Amruth/Documents/vivado/vedic_multiplier/vedic_multiplier.sim/sim_1/behav/xsim'
INFO: [SIM-utils-51] Simulation object is 'sim_1'
INFO: [SIM-utils-54] Inspecting design source files for 'tb' in fileset 'sim_1'...
INFO: [USF-XSim-97] Finding global include files...
INFO: [USF-XSim-98] Fetching design files from 'sim_1'...
INFO: [USF-XSim-2] XSim::Compile design
INFO: [USF-XSim-61] Executing 'COMPILE and ANALYZE' step in 'C:/Users/Amruth/Documents/vivado/vedic_multiplier/vedic_multiplier.sim/sim_1/behav/xsim'
"xvlog --incr --relax -prj tb_vlog.prj"
INFO: [VRFC 10-2263] Analyzing Verilog file "C:/Users/Amruth/Documents/vivado/vedic_multiplier/vedic_multiplier.srcs/sources_1/new/FA.v" into library xil_defaultlib
INFO: [VRFC 10-311] analyzing module FA
INFO: [VRFC 10-2263] Analyzing Verilog file "C:/Users/Amruth/Documents/vivado/vedic_multiplier/vedic_multiplier.srcs/sources_1/new/HA.v" into library xil_defaultlib
INFO: [VRFC 10-311] analyzing module HA
INFO: [VRFC 10-2263] Analyzing Verilog file "C:/Users/Amruth/Documents/vivado/vedic_multiplier/vedic_multiplier.srcs/sources_1/new/RCA.v" into library xil_defaultlib
INFO: [VRFC 10-311] analyzing module adder4
INFO: [VRFC 10-2263] Analyzing Verilog file "C:/Users/Amruth/Documents/vivado/vedic_multiplier/vedic_multiplier.srcs/sources_1/new/vm.v" into library xil_defaultlib
INFO: [VRFC 10-311] analyzing module vm
INFO: [VRFC 10-2263] Analyzing Verilog file "C:/Users/Amruth/Documents/vivado/vedic_multiplier/vedic_multiplier.srcs/sim_1/new/tb.v" into library xil_defaultlib
INFO: [VRFC 10-311] analyzing module tb
INFO: [VRFC 10-2263] Analyzing Verilog file "C:/Users/Amruth/Documents/vivado/vedic_multiplier/vedic_multiplier.sim/sim_1/behav/xsim/glbl.v" into library xil_defaultlib
INFO: [VRFC 10-311] analyzing module glbl
INFO: [USF-XSim-69] 'compile' step finished in '1' seconds
INFO: [USF-XSim-3] XSim::Elaborate design
INFO: [USF-XSim-61] Executing 'ELABORATE' step in 'C:/Users/Amruth/Documents/vivado/vedic_multiplier/vedic_multiplier.sim/sim_1/behav/xsim'
Vivado Simulator 2017.4
Copyright 1986-1999, 2001-2016 Xilinx, Inc. All Rights Reserved.
Running: C:/Xilinx/Vivado/2017.4/bin/unwrapped/win64.o/xelab.exe -wto c95d8a2d624b4f3abf5cdc398c7e31e5 --incr --debug typical --relax --mt 2 -L xil_defaultlib -L unisims_ver -L unimacro_ver -L secureip --snapshot tb_behav xil_defaultlib.tb xil_defaultlib.glbl -log elaborate.log 
Using 2 slave threads.
Starting static elaboration
Completed static elaboration
Starting simulation data flow analysis
Completed simulation data flow analysis
Time Resolution for simulation is 1ps
Compiling module xil_defaultlib.HA
Compiling module xil_defaultlib.FA
Compiling module xil_defaultlib.adder4
Compiling module xil_defaultlib.vm
Compiling module xil_defaultlib.tb
Compiling module xil_defaultlib.glbl
Built simulation snapshot tb_behav

****** Webtalk v2017.4 (64-bit)
  **** SW Build 2086221 on Fri Dec 15 20:55:39 MST 2017
  **** IP Build 2085800 on Fri Dec 15 22:25:07 MST 2017
    ** Copyright 1986-2017 Xilinx, Inc. All Rights Reserved.

source C:/Users/Amruth/Documents/vivado/vedic_multiplier/vedic_multiplier.sim/sim_1/behav/xsim/xsim.dir/tb_behav/webtalk/xsim_webtalk.tcl -notrace
INFO: [Common 17-186] 'C:/Users/Amruth/Documents/vivado/vedic_multiplier/vedic_multiplier.sim/sim_1/behav/xsim/xsim.dir/tb_behav/webtalk/usage_statistics_ext_xsim.xml' has been successfully sent to Xilinx on Thu May  3 15:06:23 2018. For additional details about this file, please refer to the WebTalk help file at C:/Xilinx/Vivado/2017.4/doc/webtalk_introduction.html.
INFO: [Common 17-206] Exiting Webtalk at Thu May  3 15:06:23 2018...
run_program: Time (s): cpu = 00:00:00 ; elapsed = 00:00:10 . Memory (MB): peak = 893.543 ; gain = 0.000
INFO: [USF-XSim-69] 'elaborate' step finished in '10' seconds
INFO: [USF-XSim-4] XSim::Simulate design
INFO: [USF-XSim-61] Executing 'SIMULATE' step in 'C:/Users/Amruth/Documents/vivado/vedic_multiplier/vedic_multiplier.sim/sim_1/behav/xsim'
INFO: [USF-XSim-98] *** Running xsim
   with args "tb_behav -key {Behavioral:sim_1:Functional:tb} -tclbatch {tb.tcl} -log {simulate.log}"
INFO: [USF-XSim-8] Loading simulator feature
Vivado Simulator 2017.4
Time resolution is 1 ps
source tb.tcl
# set curr_wave [current_wave_config]
# if { [string length $curr_wave] == 0 } {
#   if { [llength [get_objects]] > 0} {
#     add_wave /
#     set_property needs_save false [current_wave_config]
#   } else {
#      send_msg_id Add_Wave-1 WARNING "No top level signals found. Simulator will start without a wave window. If you want to open a wave window go to 'File->New Waveform Configuration' or type 'create_wave_config' in the TCL console."
#   }
# }
# run 1000ns
$finish called at time : 10 ns : File "C:/Users/Amruth/Documents/vivado/vedic_multiplier/vedic_multiplier.srcs/sim_1/new/tb.v" Line 35
xsim: Time (s): cpu = 00:00:05 ; elapsed = 00:00:07 . Memory (MB): peak = 917.023 ; gain = 23.480
INFO: [USF-XSim-96] XSim completed. Design snapshot 'tb_behav' loaded.
INFO: [USF-XSim-97] XSim simulation ran for 1000ns
launch_simulation: Time (s): cpu = 00:00:07 ; elapsed = 00:00:19 . Memory (MB): peak = 917.023 ; gain = 23.480
synth_design -rtl -name rtl_1
Command: synth_design -rtl -name rtl_1
Starting synth_design
Using part: xc7a35tcpg236-1
Top: vm
---------------------------------------------------------------------------------
Starting RTL Elaboration : Time (s): cpu = 00:00:06 ; elapsed = 00:00:06 . Memory (MB): peak = 1016.980 ; gain = 88.348
---------------------------------------------------------------------------------
INFO: [Synth 8-638] synthesizing module 'vm' [C:/Users/Amruth/Documents/vivado/vedic_multiplier/vedic_multiplier.srcs/sources_1/new/vm.v:22]
INFO: [Synth 8-638] synthesizing module 'HA' [C:/Users/Amruth/Documents/vivado/vedic_multiplier/vedic_multiplier.srcs/sources_1/new/HA.v:23]
INFO: [Synth 8-256] done synthesizing module 'HA' (1#1) [C:/Users/Amruth/Documents/vivado/vedic_multiplier/vedic_multiplier.srcs/sources_1/new/HA.v:23]
INFO: [Synth 8-638] synthesizing module 'FA' [C:/Users/Amruth/Documents/vivado/vedic_multiplier/vedic_multiplier.srcs/sources_1/new/FA.v:23]
INFO: [Synth 8-256] done synthesizing module 'FA' (2#1) [C:/Users/Amruth/Documents/vivado/vedic_multiplier/vedic_multiplier.srcs/sources_1/new/FA.v:23]
INFO: [Synth 8-638] synthesizing module 'adder4' [C:/Users/Amruth/Documents/vivado/vedic_multiplier/vedic_multiplier.srcs/sources_1/new/RCA.v:22]
INFO: [Synth 8-256] done synthesizing module 'adder4' (3#1) [C:/Users/Amruth/Documents/vivado/vedic_multiplier/vedic_multiplier.srcs/sources_1/new/RCA.v:22]
INFO: [Synth 8-256] done synthesizing module 'vm' (4#1) [C:/Users/Amruth/Documents/vivado/vedic_multiplier/vedic_multiplier.srcs/sources_1/new/vm.v:22]
---------------------------------------------------------------------------------
Finished RTL Elaboration : Time (s): cpu = 00:00:07 ; elapsed = 00:00:07 . Memory (MB): peak = 1068.957 ; gain = 140.324
---------------------------------------------------------------------------------

Report Check Netlist: 
+------+------------------+-------+---------+-------+------------------+
|      |Item              |Errors |Warnings |Status |Description       |
+------+------------------+-------+---------+-------+------------------+
|1     |multi_driven_nets |      0|        0|Passed |Multi driven nets |
+------+------------------+-------+---------+-------+------------------+
---------------------------------------------------------------------------------
Finished RTL Optimization Phase 1 : Time (s): cpu = 00:00:07 ; elapsed = 00:00:07 . Memory (MB): peak = 1068.957 ; gain = 140.324
---------------------------------------------------------------------------------
INFO: [Device 21-403] Loading part xc7a35tcpg236-1
INFO: [Project 1-570] Preparing netlist for logic optimization

Processing XDC Constraints
Initializing timing engine
Completed Processing XDC Constraints

INFO: [Opt 31-138] Pushed 0 inverter(s) to 0 load pin(s).
INFO: [Project 1-111] Unisim Transformation Summary:
No Unisim elements were transformed.

RTL Elaboration Complete:  : Time (s): cpu = 00:00:27 ; elapsed = 00:00:22 . Memory (MB): peak = 1376.500 ; gain = 447.867
12 Infos, 0 Warnings, 0 Critical Warnings and 0 Errors encountered.
synth_design completed successfully
synth_design: Time (s): cpu = 00:00:27 ; elapsed = 00:00:22 . Memory (MB): peak = 1376.500 ; gain = 447.867
close_sim
INFO: [Simtcl 6-16] Simulation closed
close_sim: Time (s): cpu = 00:00:01 ; elapsed = 00:00:07 . Memory (MB): peak = 1380.457 ; gain = 0.000
exit
INFO: [Common 17-206] Exiting Vivado at Thu May  3 15:13:00 2018...
