#-----------------------------------------------------------
# Vivado v2017.4 (64-bit)
# SW Build 2086221 on Fri Dec 15 20:55:39 MST 2017
# IP Build 2085800 on Fri Dec 15 22:25:07 MST 2017
# Start of session at: Mon Apr 23 04:55:08 2018
# Process ID: 18968
# Current directory: C:/Users/Amruth/Documents/vivado/vedic_multiplier
# Command line: vivado.exe -gui_launcher_event rodinguilauncherevent10828 C:\Users\Amruth\Documents\vivado\vedic_multiplier\vedic_multiplier.xpr
# Log file: C:/Users/Amruth/Documents/vivado/vedic_multiplier/vivado.log
# Journal file: C:/Users/Amruth/Documents/vivado/vedic_multiplier\vivado.jou
#-----------------------------------------------------------
start_gui
open_project C:/Users/Amruth/Documents/vivado/vedic_multiplier/vedic_multiplier.xpr
INFO: [Project 1-313] Project file moved from 'C:/Users/Amruth/Desktop/vedic_multiplier' since last save.
Scanning sources...
Finished scanning sources
INFO: [IP_Flow 19-234] Refreshing IP repositories
INFO: [IP_Flow 19-1704] No user IP repositories specified
INFO: [IP_Flow 19-2313] Loaded Vivado IP repository 'C:/Xilinx/Vivado/2017.4/data/ip'.
open_project: Time (s): cpu = 00:00:10 ; elapsed = 00:00:05 . Memory (MB): peak = 779.590 ; gain = 81.586
update_compile_order -fileset sources_1
exit
INFO: [Common 17-206] Exiting Vivado at Mon Apr 23 04:59:40 2018...
