#-----------------------------------------------------------
# Vivado v2017.4 (64-bit)
# SW Build 2086221 on Fri Dec 15 20:55:39 MST 2017
# IP Build 2085800 on Fri Dec 15 22:25:07 MST 2017
# Start of session at: Mon Apr 23 04:40:32 2018
# Process ID: 17424
# Current directory: C:/Users/Amruth/Documents/vivado/JKFF
# Command line: vivado.exe -gui_launcher_event rodinguilauncherevent19160 C:\Users\Amruth\Documents\vivado\JKFF\JK_ff.xpr
# Log file: C:/Users/Amruth/Documents/vivado/JKFF/vivado.log
# Journal file: C:/Users/Amruth/Documents/vivado/JKFF\vivado.jou
#-----------------------------------------------------------
start_gui
open_project C:/Users/Amruth/Documents/vivado/JKFF/JK_ff.xpr
INFO: [Project 1-313] Project file moved from 'C:/Users/Amruth/Documents/vivado' since last save.
Scanning sources...
Finished scanning sources
INFO: [IP_Flow 19-234] Refreshing IP repositories
INFO: [IP_Flow 19-1704] No user IP repositories specified
INFO: [IP_Flow 19-2313] Loaded Vivado IP repository 'C:/Xilinx/Vivado/2017.4/data/ip'.
open_project: Time (s): cpu = 00:00:11 ; elapsed = 00:00:07 . Memory (MB): peak = 780.375 ; gain = 89.102
update_compile_order -fileset sources_1
launch_simulation
INFO: [Vivado 12-5682] Launching behavioral simulation in 'C:/Users/Amruth/Documents/vivado/JKFF/JK_ff.sim/sim_1/behav/xsim'
INFO: [SIM-utils-51] Simulation object is 'sim_1'
INFO: [SIM-utils-54] Inspecting design source files for 'testb' in fileset 'sim_1'...
INFO: [USF-XSim-97] Finding global include files...
INFO: [USF-XSim-98] Fetching design files from 'sim_1'...
INFO: [USF-XSim-2] XSim::Compile design
INFO: [USF-XSim-61] Executing 'COMPILE and ANALYZE' step in 'C:/Users/Amruth/Documents/vivado/JKFF/JK_ff.sim/sim_1/behav/xsim'
"xvlog --incr --relax -prj testb_vlog.prj"
INFO: [VRFC 10-2263] Analyzing Verilog file "C:/Users/Amruth/Documents/vivado/JKFF/JK_ff.srcs/sources_1/new/jk_ff.v" into library xil_defaultlib
INFO: [VRFC 10-311] analyzing module jk_ff
INFO: [VRFC 10-2263] Analyzing Verilog file "C:/Users/Amruth/Documents/vivado/JKFF/JK_ff.srcs/sim_1/new/testb.v" into library xil_defaultlib
INFO: [VRFC 10-311] analyzing module testb
INFO: [VRFC 10-2263] Analyzing Verilog file "C:/Users/Amruth/Documents/vivado/JKFF/JK_ff.sim/sim_1/behav/xsim/glbl.v" into library xil_defaultlib
INFO: [VRFC 10-311] analyzing module glbl
INFO: [USF-XSim-69] 'compile' step finished in '1' seconds
INFO: [USF-XSim-3] XSim::Elaborate design
INFO: [USF-XSim-61] Executing 'ELABORATE' step in 'C:/Users/Amruth/Documents/vivado/JKFF/JK_ff.sim/sim_1/behav/xsim'
Vivado Simulator 2017.4
Copyright 1986-1999, 2001-2016 Xilinx, Inc. All Rights Reserved.
Running: C:/Xilinx/Vivado/2017.4/bin/unwrapped/win64.o/xelab.exe -wto 196d665182b2472fba5ff024ed07783d --incr --debug typical --relax --mt 2 -L xil_defaultlib -L unisims_ver -L unimacro_ver -L secureip --snapshot testb_behav xil_defaultlib.testb xil_defaultlib.glbl -log elaborate.log 
Using 2 slave threads.
Starting static elaboration
Completed static elaboration
Starting simulation data flow analysis
Completed simulation data flow analysis
Time Resolution for simulation is 1ps
Compiling module xil_defaultlib.jk_ff
Compiling module xil_defaultlib.testb
Compiling module xil_defaultlib.glbl
Built simulation snapshot testb_behav

****** Webtalk v2017.4 (64-bit)
  **** SW Build 2086221 on Fri Dec 15 20:55:39 MST 2017
  **** IP Build 2085800 on Fri Dec 15 22:25:07 MST 2017
    ** Copyright 1986-2017 Xilinx, Inc. All Rights Reserved.

source C:/Users/Amruth/Documents/vivado/JKFF/JK_ff.sim/sim_1/behav/xsim/xsim.dir/testb_behav/webtalk/xsim_webtalk.tcl -notrace
INFO: [Common 17-186] 'C:/Users/Amruth/Documents/vivado/JKFF/JK_ff.sim/sim_1/behav/xsim/xsim.dir/testb_behav/webtalk/usage_statistics_ext_xsim.xml' has been successfully sent to Xilinx on Mon Apr 23 04:41:48 2018. For additional details about this file, please refer to the WebTalk help file at C:/Xilinx/Vivado/2017.4/doc/webtalk_introduction.html.
INFO: [Common 17-206] Exiting Webtalk at Mon Apr 23 04:41:48 2018...
run_program: Time (s): cpu = 00:00:01 ; elapsed = 00:00:07 . Memory (MB): peak = 801.219 ; gain = 0.000
INFO: [USF-XSim-69] 'elaborate' step finished in '6' seconds
INFO: [USF-XSim-4] XSim::Simulate design
INFO: [USF-XSim-61] Executing 'SIMULATE' step in 'C:/Users/Amruth/Documents/vivado/JKFF/JK_ff.sim/sim_1/behav/xsim'
INFO: [USF-XSim-98] *** Running xsim
   with args "testb_behav -key {Behavioral:sim_1:Functional:testb} -tclbatch {testb.tcl} -log {simulate.log}"
INFO: [USF-XSim-8] Loading simulator feature
Vivado Simulator 2017.4
Time resolution is 1 ps
source testb.tcl
# set curr_wave [current_wave_config]
# if { [string length $curr_wave] == 0 } {
#   if { [llength [get_objects]] > 0} {
#     add_wave /
#     set_property needs_save false [current_wave_config]
#   } else {
#      send_msg_id Add_Wave-1 WARNING "No top level signals found. Simulator will start without a wave window. If you want to open a wave window go to 'File->New Waveform Configuration' or type 'create_wave_config' in the TCL console."
#   }
# }
# run 1000ns
$finish called at time : 220 ns : File "C:/Users/Amruth/Documents/vivado/JKFF/JK_ff.srcs/sim_1/new/testb.v" Line 40
INFO: [USF-XSim-96] XSim completed. Design snapshot 'testb_behav' loaded.
INFO: [USF-XSim-97] XSim simulation ran for 1000ns
launch_simulation: Time (s): cpu = 00:00:06 ; elapsed = 00:00:12 . Memory (MB): peak = 802.816 ; gain = 6.074
close_sim
INFO: [Simtcl 6-16] Simulation closed
close_sim: Time (s): cpu = 00:00:02 ; elapsed = 00:00:07 . Memory (MB): peak = 829.414 ; gain = 0.000
exit
INFO: [Common 17-206] Exiting Vivado at Mon Apr 23 04:43:56 2018...
