#-----------------------------------------------------------
# Vivado v2017.4 (64-bit)
# SW Build 2086221 on Fri Dec 15 20:55:39 MST 2017
# IP Build 2085800 on Fri Dec 15 22:25:07 MST 2017
# Start of session at: Mon Apr 23 12:10:17 2018
# Process ID: 13032
# Current directory: C:/Users/Amruth/Documents/vivado/Bin_ascii
# Command line: vivado.exe -gui_launcher_event rodinguilauncherevent17216 C:\Users\Amruth\Documents\vivado\Bin_ascii\Bin_ascii.xpr
# Log file: C:/Users/Amruth/Documents/vivado/Bin_ascii/vivado.log
# Journal file: C:/Users/Amruth/Documents/vivado/Bin_ascii\vivado.jou
#-----------------------------------------------------------
start_gui
open_project C:/Users/Amruth/Documents/vivado/Bin_ascii/Bin_ascii.xpr
Scanning sources...
Finished scanning sources
INFO: [IP_Flow 19-234] Refreshing IP repositories
INFO: [IP_Flow 19-1704] No user IP repositories specified
INFO: [IP_Flow 19-2313] Loaded Vivado IP repository 'C:/Xilinx/Vivado/2017.4/data/ip'.
open_project: Time (s): cpu = 00:00:12 ; elapsed = 00:00:06 . Memory (MB): peak = 792.453 ; gain = 120.152
update_compile_order -fileset sources_1
exit
INFO: [Common 17-206] Exiting Vivado at Mon Apr 23 12:32:53 2018...
