#-----------------------------------------------------------
# Vivado v2017.4 (64-bit)
# SW Build 2086221 on Fri Dec 15 20:55:39 MST 2017
# IP Build 2085800 on Fri Dec 15 22:25:07 MST 2017
# Start of session at: Mon Apr 23 12:00:49 2018
# Process ID: 17280
# Current directory: C:/Users/Amruth/Documents/vivado/Baugh wooley multiplier
# Command line: vivado.exe -gui_launcher_event rodinguilauncherevent4916 C:\Users\Amruth\Documents\vivado\Baugh wooley multiplier\BWM.xpr
# Log file: C:/Users/Amruth/Documents/vivado/Baugh wooley multiplier/vivado.log
# Journal file: C:/Users/Amruth/Documents/vivado/Baugh wooley multiplier\vivado.jou
#-----------------------------------------------------------
start_gui
open_project {C:/Users/Amruth/Documents/vivado/Baugh wooley multiplier/BWM.xpr}
INFO: [Project 1-313] Project file moved from 'C:/Users/Amruth/Documents/vivado' since last save.
Scanning sources...
Finished scanning sources
INFO: [IP_Flow 19-234] Refreshing IP repositories
INFO: [IP_Flow 19-1704] No user IP repositories specified
INFO: [IP_Flow 19-2313] Loaded Vivado IP repository 'C:/Xilinx/Vivado/2017.4/data/ip'.
open_project: Time (s): cpu = 00:00:11 ; elapsed = 00:00:06 . Memory (MB): peak = 768.809 ; gain = 76.652
update_compile_order -fileset sources_1
launch_simulation
INFO: [Vivado 12-5682] Launching behavioral simulation in 'C:/Users/Amruth/Documents/vivado/Baugh wooley multiplier/BWM.sim/sim_1/behav/xsim'
INFO: [SIM-utils-51] Simulation object is 'sim_1'
INFO: [SIM-utils-54] Inspecting design source files for 'tb9' in fileset 'sim_1'...
INFO: [USF-XSim-97] Finding global include files...
INFO: [USF-XSim-98] Fetching design files from 'sim_1'...
INFO: [USF-XSim-2] XSim::Compile design
INFO: [USF-XSim-61] Executing 'COMPILE and ANALYZE' step in 'C:/Users/Amruth/Documents/vivado/Baugh wooley multiplier/BWM.sim/sim_1/behav/xsim'
"xvlog --incr --relax -prj tb9_vlog.prj"
INFO: [VRFC 10-2263] Analyzing Verilog file "C:/Users/Amruth/Documents/vivado/Baugh wooley multiplier/BWM.srcs/sources_1/new/bwm.v" into library xil_defaultlib
INFO: [VRFC 10-311] analyzing module half_adder
INFO: [VRFC 10-311] analyzing module full_adder
INFO: [VRFC 10-311] analyzing module mult4bw
INFO: [VRFC 10-2263] Analyzing Verilog file "C:/Users/Amruth/Documents/vivado/Baugh wooley multiplier/BWM.srcs/sim_1/new/tb.v" into library xil_defaultlib
INFO: [VRFC 10-311] analyzing module tb9
INFO: [VRFC 10-2263] Analyzing Verilog file "C:/Users/Amruth/Documents/vivado/Baugh wooley multiplier/BWM.sim/sim_1/behav/xsim/glbl.v" into library xil_defaultlib
INFO: [VRFC 10-311] analyzing module glbl
INFO: [USF-XSim-69] 'compile' step finished in '1' seconds
INFO: [USF-XSim-3] XSim::Elaborate design
INFO: [USF-XSim-61] Executing 'ELABORATE' step in 'C:/Users/Amruth/Documents/vivado/Baugh wooley multiplier/BWM.sim/sim_1/behav/xsim'
Vivado Simulator 2017.4
Copyright 1986-1999, 2001-2016 Xilinx, Inc. All Rights Reserved.
Running: C:/Xilinx/Vivado/2017.4/bin/unwrapped/win64.o/xelab.exe -wto 19b9348554db467086bbc263d077b90b --incr --debug typical --relax --mt 2 -L xil_defaultlib -L unisims_ver -L unimacro_ver -L secureip --snapshot tb9_behav xil_defaultlib.tb9 xil_defaultlib.glbl -log elaborate.log 
Using 2 slave threads.
Starting static elaboration
Completed static elaboration
Starting simulation data flow analysis
Completed simulation data flow analysis
Time Resolution for simulation is 1ps
Compiling module xil_defaultlib.half_adder
Compiling module xil_defaultlib.full_adder
Compiling module xil_defaultlib.mult4bw
Compiling module xil_defaultlib.tb9
Compiling module xil_defaultlib.glbl
Built simulation snapshot tb9_behav
INFO: [USF-XSim-69] 'elaborate' step finished in '3' seconds
INFO: [USF-XSim-4] XSim::Simulate design
INFO: [USF-XSim-61] Executing 'SIMULATE' step in 'C:/Users/Amruth/Documents/vivado/Baugh wooley multiplier/BWM.sim/sim_1/behav/xsim'
INFO: [USF-XSim-98] *** Running xsim
   with args "tb9_behav -key {Behavioral:sim_1:Functional:tb9} -tclbatch {tb9.tcl} -log {simulate.log}"
INFO: [USF-XSim-8] Loading simulator feature
Vivado Simulator 2017.4
Time resolution is 1 ps
source tb9.tcl
# set curr_wave [current_wave_config]
# if { [string length $curr_wave] == 0 } {
#   if { [llength [get_objects]] > 0} {
#     add_wave /
#     set_property needs_save false [current_wave_config]
#   } else {
#      send_msg_id Add_Wave-1 WARNING "No top level signals found. Simulator will start without a wave window. If you want to open a wave window go to 'File->New Waveform Configuration' or type 'create_wave_config' in the TCL console."
#   }
# }
# run 1000ns
$finish called at time : 30 ns : File "C:/Users/Amruth/Documents/vivado/Baugh wooley multiplier/BWM.srcs/sim_1/new/tb.v" Line 39
INFO: [USF-XSim-96] XSim completed. Design snapshot 'tb9_behav' loaded.
INFO: [USF-XSim-97] XSim simulation ran for 1000ns
launch_simulation: Time (s): cpu = 00:00:05 ; elapsed = 00:00:10 . Memory (MB): peak = 818.410 ; gain = 19.664
close_sim
INFO: [Simtcl 6-16] Simulation closed
exit
INFO: [Common 17-206] Exiting Vivado at Mon Apr 23 12:09:44 2018...
