#-----------------------------------------------------------
# Vivado v2017.4 (64-bit)
# SW Build 2086221 on Fri Dec 15 20:55:39 MST 2017
# IP Build 2085800 on Fri Dec 15 22:25:07 MST 2017
# Start of session at: Mon Apr 23 04:35:04 2018
# Process ID: 15744
# Current directory: C:/Users/Amruth/Documents/vivado/Baugh wooley multiplier
# Command line: vivado.exe -gui_launcher_event rodinguilauncherevent16148 C:\Users\Amruth\Documents\vivado\Baugh wooley multiplier\BWM.xpr
# Log file: C:/Users/Amruth/Documents/vivado/Baugh wooley multiplier/vivado.log
# Journal file: C:/Users/Amruth/Documents/vivado/Baugh wooley multiplier\vivado.jou
#-----------------------------------------------------------
start_gui
open_project {C:/Users/Amruth/Documents/vivado/Baugh wooley multiplier/BWM.xpr}
INFO: [Project 1-313] Project file moved from 'C:/Users/Amruth/Documents/vivado' since last save.
Scanning sources...
Finished scanning sources
INFO: [IP_Flow 19-234] Refreshing IP repositories
INFO: [IP_Flow 19-1704] No user IP repositories specified
INFO: [IP_Flow 19-2313] Loaded Vivado IP repository 'C:/Xilinx/Vivado/2017.4/data/ip'.
open_project: Time (s): cpu = 00:00:12 ; elapsed = 00:00:05 . Memory (MB): peak = 801.996 ; gain = 120.477
update_compile_order -fileset sources_1
exit
INFO: [Common 17-206] Exiting Vivado at Mon Apr 23 04:35:33 2018...
