Exception at PC 0x00007FFBDD134008
Exception at PC 0x00007FFBDD134008
Exception at PC 0x00007FFBDD134008
Exception at PC 0x00007FFBDD134008
Exception at PC 0x00007FFB538BE132
Attemped to write at address 0x00007FFB9AE64AA4
Printing stacktrace...

[0]  [0x00007FFB538BE132]
[1]  [0x00007FFB538BE132]
[2]  [0x00007FFB538BE194]
[3]  [0x00007FFB5350D0D7]
[4]  [0x00007FFB533F2BCA]
[5]  [0x00007FFB533F2FD1]
[6]  [0x00007FFB538BEB2F]
[7]  [0x00007FFB5377C19D]
[8]  [0x00007FFB53775942]
[9]  [0x00007FFB53775AB5]
[10] (RtlDeactivateActivationContextUnsafeFast+0x1b3) [0x00007FFBE0921493]
[11] (LdrShutdownProcess+0x125) [0x00007FFBE09506B5]
[12] (RtlExitUserProcess+0xb4) [0x00007FFBE0950574]
[13] (ExitProcess+0xa) [0x00007FFBDE9FF06A]
[14] (exit+0x75) [0x00007FFBE0479B25]
[15] (initterm_e+0x21d) [0x00007FFBE047A16D]
[16]  [0x00000000004014CD]
[17]  [0x000000000040151B]
[18] (BaseThreadInitThunk+0x14) [0x00007FFBDEA01FE4]
[19] (RtlUserThreadStart+0x21) [0x00007FFBE097EFC1]
Done
